<?xml version="1.0" encoding="UTF-8"?>
<!-- Generated by org.testng.reporters.JUnitXMLReporter -->
<testsuite ignored="0" hostname="LAPTOP-RIP7FCT2" failures="0" tests="2" name="Test" time="0.059" errors="0" timestamp="2023-03-23T20:29:32 IST">
  <testcase classname="testNgpack.TestNg" name="@BeforeTest openBrowser" time="-1.679583572373E9">
    <failure type="org.testng.TestNGException" message="
Parameter &amp;apos;browser&amp;apos; is required by BeforeTest on method openBrowser but has not been marked @Optional or defined
in C:\Users\gopik\eclipse-workspace\InstaProject\regressionSuite.xml">
      <![CDATA[org.testng.TestNGException: 
Parameter 'browser' is required by BeforeTest on method openBrowser but has not been marked @Optional or defined
in C:\Users\gopik\eclipse-workspace\InstaProject\regressionSuite.xml
... Removed 21 stack frames]]>
    </failure>
  </testcase> <!-- @BeforeTest openBrowser -->
  <testcase classname="testNgpack.TestNg" name="@BeforeClass beforeClass" time="-1.679583572399E9">
    <skipped/>
  </testcase> <!-- @BeforeClass beforeClass -->
  <testcase classname="testNgpack.TestNg" name="@BeforeMethod beforeMethod" time="-1.679583572408E9">
    <skipped/>
  </testcase> <!-- @BeforeMethod beforeMethod -->
  <testcase classname="testNgpack.TestNg" name="@AfterMethod afterMethod" time="-1.679583572414E9">
    <skipped/>
  </testcase> <!-- @AfterMethod afterMethod -->
  <testcase classname="testNgpack.TestNg" name="@BeforeMethod beforeMethod" time="-1.679583572416E9">
    <skipped/>
  </testcase> <!-- @BeforeMethod beforeMethod -->
  <testcase classname="testNgpack.TestNg" name="@AfterMethod afterMethod" time="-1.67958357242E9">
    <skipped/>
  </testcase> <!-- @AfterMethod afterMethod -->
  <testcase classname="testNgpack.TestNg" name="@AfterClass afterClass" time="-1.679583572422E9">
    <skipped/>
  </testcase> <!-- @AfterClass afterClass -->
  <testcase classname="testNgpack.TestNg" name="@AfterTest ClosedBrowser" time="-1.679583572427E9">
    <skipped/>
  </testcase> <!-- @AfterTest ClosedBrowser -->
  <testcase classname="testNgpack.TestNg" name="test" time="0.0">
    <skipped/>
  </testcase> <!-- test -->
  <testcase classname="testNgpack.TestNg" name="test1" time="0.0">
    <skipped/>
  </testcase> <!-- test1 -->
</testsuite> <!-- Test -->
